1401877384
1411793158
1396284425
1400168243
1411709079
1416903958
1401383870
1422782436
1392907967
1431826782
1424411151
1427063960
1403743752
1405162228
1423298787
1392146031
1402192202
1416923450
1419722210
1403327742
1390511057
1427707774
1413162771
1421980841
1436638908
1400508092
1402159596
1398614736
1402687161
1409955569
1399008548
1406457045
1432131854
1416330353
1425310298
1425077697
1412610162
1421957778
1446211929
1405907217
1421937891
1401438090
1406022425
1403576669
1397924950
1411412190
1397283274
1389433586
1425561491
1394813525
1422060129
1383835431
1381259130
1415573295
1388901237
1388984279
1400084198
1398502243
1393953744
1393808403
1428445116
1415875585
1408269295
1409222500
1411422946
1400915452
1424951752
1401669806
1396026480
1412132654
1413870384
1393538630
1406584364
1428775339
1402372101
1442203890
1450094351
1388071795
1395749934
1423515103
1428107213
1420246505
1386237893
1377192654
1414106507
1413947528
1417093198
1387499797
1426076798
1400905160
1411311949
1419661236
1415658643
1395258591
1423028321
1391687572
1405020862
1415277012
1409703063
1407897893
Mediana desordenes = 1409365502
