0.004586
0.023779

0.004782
0.02562

0.004873
0.022352

0.004584
0.022594

0.004625
0.022489

0.004643
0.021811

0.004629
0.021926

0.004619
0.021983

0.004622
0.021904

0.004622
0.021984

0.004628
0.021943

0.004606
0.021909

0.004598
0.021985

0.004624
0.021968

0.004634
0.022156

0.004814
0.021965

0.004608
0.021873

0.004629
0.021981

0.004626
0.021974

0.004638
0.022014

0.00461
0.021912

0.004626
0.022127

0.004618
0.022416

0.004702
0.02224

0.004591
0.021873

0.004598
0.022037

0.004624
0.021967

0.004582
0.022787

0.004688
0.022368

0.004631
0.022517

0.004585
0.022337

0.004588
0.0224

0.00461
0.022008

0.004719
0.022108

0.004639
0.022184

0.004626
0.022103

0.004591
0.022374

0.004606
0.022166

0.004606
0.02223

0.004614
0.022325

0.00459
0.022315

0.004579
0.022046

0.004569
0.02217

0.004591
0.022291

0.004569
0.021946

0.004623
0.021983

0.004574
0.0221

0.004715
0.022208

0.004561
0.022035

0.004593
0.022093

0.004565
0.022247

0.004604
0.022162

0.004705
0.021955

0.004613
0.021899

0.004608
0.021956

0.004588
0.021876

0.004597
0.02213

0.00463
0.022021

0.004557
0.022139

0.004717
0.022093

0.00458
0.022056

0.00462
0.02208

0.004717
0.023229

0.004631
0.022235

0.004704
0.022017

0.00461
0.022061

0.004833
0.022084

0.004639
0.022184

0.004606
0.022079

0.004686
0.0222

0.004756
0.022196

0.004582
0.022253

0.004606
0.022587

0.004673
0.022031

0.004597
0.02251

0.004619
0.022175

0.004578
0.022464

0.004601
0.022254

0.004606
0.022216

0.004593
0.022136

0.004628
0.02199

0.004644
0.022155

0.004588
0.022205

0.004599
0.022538

0.004575
0.022376

0.004615
0.023256

0.004611
0.02283

0.004597
0.022677

0.00459
0.022778

0.004598
0.022693

0.004569
0.022803

0.004584
0.022724

0.004575
0.022735

0.004601
0.022745

0.004596
0.02276

0.004595
0.022724

0.00469
0.02231

0.004585
0.021963

0.004602
0.021955

0.004599
0.021967

MergeSort Average Execution Time: 0.0046247
QuickSort Average Execution Time: 0.0222759
